Arguments: 
  C:\Program Files\nodejs\node.exe C:\Users\Zhi\AppData\Roaming\npm\node_modules\yarn\bin\yarn.js build

PATH: 
  C:\Users\Zhi\bin;D:\Dropbox\Portables\Git_Portable\mingw64\bin;D:\Dropbox\Portables\Git_Portable\usr\local\bin;D:\Dropbox\Portables\Git_Portable\usr\bin;D:\Dropbox\Portables\Git_Portable\usr\bin;D:\Dropbox\Portables\Git_Portable\mingw64\bin;D:\Dropbox\Portables\Git_Portable\usr\bin;C:\Users\Zhi\bin;D:\Dropbox\Portables\ConEmu Portable - PreviewVersion171109\ConEmu\Scripts;D:\Dropbox\Portables\ConEmu Portable - PreviewVersion171109;D:\Dropbox\Portables\ConEmu Portable - PreviewVersion171109\ConEmu;D:\Program Files (x86)\Python36-32\Scripts;D:\Program Files (x86)\Python36-32;C:\ProgramData\Oracle\Java\javapath;C:\WINDOWS\system32;C:\WINDOWS;C:\WINDOWS\System32\Wbem;C:\WINDOWS\System32\WindowsPowerShell\v1.0;C:\Program Files (x86)\ATI Technologies\ATI.ACE\Core-Static;D:\Program Files\Calibre2;D:\Program Files\Git\cmd;C:\Program Files\nodejs;C:\WINDOWS\System32\OpenSSH;C:\Users\Zhi\AppData\Local\Microsoft\WindowsApps;D:\Program Files\Heroku\bin;C:\Users\Zhi\AppData\Local\atom\bin;C:\Users\Zhi\AppData\Roaming\npm;C:\Users\Zhi\AppData\Local\GitHubDesktop\bin;C:\Program Files\MongoDB\Server\3.6\bin;%USERPROFILE%\AppData\Local\Microsoft\WindowsApps;D:\Dropbox\Portables\Git_Portable\usr\bin\vendor_perl;D:\Dropbox\Portables\Git_Portable\usr\bin\core_perl

Yarn version: 
  1.5.1

Node version: 
  8.9.3

Platform: 
  win32 x64

npm manifest: 
  {
    "name": "qiming-inspiration",
    "version": "1.0.0",
    "description": "",
    "main": "server.js",
    "scripts": {
      "test": "echo \"Error: no test specified\" && exit 1",
      "client": "cd client && yarn start",
      "server": "nodemon server.js",
      "dev": "concurrently --kill-others-on-fail \"yarn server\" \"yarn client\""
    },
    "repository": {
      "type": "git",
      "url": "git+https://github.com/ZYinMD/QiMing-Inspiration.git"
    },
    "author": "",
    "license": "ISC",
    "bugs": {
      "url": "https://github.com/ZYinMD/QiMing-Inspiration/issues"
    },
    "homepage": "https://github.com/ZYinMD/QiMing-Inspiration#readme",
    "dependencies": {
      "body-parser": "^1.18.2",
      "express": "^4.16.3",
      "mongodb": "^3.0.7"
    }
  }

yarn manifest: 
  No manifest

Lockfile: 
  No lockfile

Trace: 
  Error: Command "build" not found.
      at new MessageError (C:\Users\Zhi\AppData\Roaming\npm\node_modules\yarn\lib\cli.js:186:110)
      at C:\Users\Zhi\AppData\Roaming\npm\node_modules\yarn\lib\cli.js:87307:17
      at Generator.next (<anonymous>)
      at step (C:\Users\Zhi\AppData\Roaming\npm\node_modules\yarn\lib\cli.js:98:30)
      at C:\Users\Zhi\AppData\Roaming\npm\node_modules\yarn\lib\cli.js:116:14
      at new Promise (<anonymous>)
      at new F (C:\Users\Zhi\AppData\Roaming\npm\node_modules\yarn\lib\cli.js:23451:28)
      at C:\Users\Zhi\AppData\Roaming\npm\node_modules\yarn\lib\cli.js:95:12
      at runCommand (C:\Users\Zhi\AppData\Roaming\npm\node_modules\yarn\lib\cli.js:87312:22)
      at Object.<anonymous> (C:\Users\Zhi\AppData\Roaming\npm\node_modules\yarn\lib\cli.js:87412:14)
